{"/home/narrador/Projetos/Pessoal/HandTalkChallenge/src/modules/authentication/services/AuthService.ts": {"path":"/home/narrador/Projetos/Pessoal/HandTalkChallenge/src/modules/authentication/services/AuthService.ts","statementMap":{"0":{"start":{"line":1,"column":0},"end":{"line":1,"column":null}},"1":{"start":{"line":7,"column":0},"end":{"line":7,"column":55}},"2":{"start":{"line":11,"column":4},"end":{"line":15,"column":5}},"3":{"start":{"line":12,"column":6},"end":{"line":12,"column":null}},"4":{"start":{"line":14,"column":6},"end":{"line":14,"column":null}},"5":{"start":{"line":19,"column":4},"end":{"line":23,"column":5}},"6":{"start":{"line":20,"column":6},"end":{"line":20,"column":null}},"7":{"start":{"line":22,"column":6},"end":{"line":22,"column":null}},"8":{"start":{"line":27,"column":4},"end":{"line":31,"column":5}},"9":{"start":{"line":28,"column":6},"end":{"line":28,"column":null}},"10":{"start":{"line":30,"column":6},"end":{"line":30,"column":null}},"11":{"start":{"line":35,"column":0},"end":{"line":35,"column":null}}},"fnMap":{"0":{"name":"(anonymous_0)","decl":{"start":{"line":10,"column":2},"end":{"line":10,"column":7}},"loc":{"start":{"line":10,"column":45},"end":{"line":16,"column":3}}},"1":{"name":"(anonymous_1)","decl":{"start":{"line":18,"column":2},"end":{"line":18,"column":7}},"loc":{"start":{"line":18,"column":48},"end":{"line":24,"column":3}}},"2":{"name":"(anonymous_2)","decl":{"start":{"line":26,"column":2},"end":{"line":26,"column":7}},"loc":{"start":{"line":26,"column":14},"end":{"line":32,"column":3}}}},"branchMap":{"0":{"loc":{"start":{"line":14,"column":22},"end":{"line":14,"column":77}},"type":"cond-expr","locations":[{"start":{"line":14,"column":47},"end":{"line":14,"column":60}},{"start":{"line":14,"column":63},"end":{"line":14,"column":77}}]},"1":{"loc":{"start":{"line":22,"column":22},"end":{"line":22,"column":84}},"type":"cond-expr","locations":[{"start":{"line":22,"column":47},"end":{"line":22,"column":60}},{"start":{"line":22,"column":63},"end":{"line":22,"column":84}}]},"2":{"loc":{"start":{"line":30,"column":22},"end":{"line":30,"column":78}},"type":"cond-expr","locations":[{"start":{"line":30,"column":47},"end":{"line":30,"column":60}},{"start":{"line":30,"column":63},"end":{"line":30,"column":78}}]}},"s":{"0":1,"1":1,"2":2,"3":2,"4":1,"5":2,"6":2,"7":1,"8":2,"9":2,"10":1,"11":1},"f":{"0":2,"1":2,"2":2},"b":{"0":[1,0],"1":[1,0],"2":[1,0]}}
,"/home/narrador/Projetos/Pessoal/HandTalkChallenge/src/modules/authentication/services/UserSettingsService.ts": {"path":"/home/narrador/Projetos/Pessoal/HandTalkChallenge/src/modules/authentication/services/UserSettingsService.ts","statementMap":{"0":{"start":{"line":1,"column":0},"end":{"line":1,"column":49}},"1":{"start":{"line":2,"column":0},"end":{"line":2,"column":53}},"2":{"start":{"line":7,"column":4},"end":{"line":7,"column":null}},"3":{"start":{"line":7,"column":17},"end":{"line":7,"column":null}},"4":{"start":{"line":8,"column":24},"end":{"line":8,"column":59}},"5":{"start":{"line":9,"column":4},"end":{"line":9,"column":null}},"6":{"start":{"line":13,"column":4},"end":{"line":13,"column":null}},"7":{"start":{"line":13,"column":17},"end":{"line":13,"column":null}},"8":{"start":{"line":14,"column":24},"end":{"line":14,"column":59}},"9":{"start":{"line":15,"column":21},"end":{"line":15,"column":43}},"10":{"start":{"line":16,"column":4},"end":{"line":16,"column":null}},"11":{"start":{"line":20,"column":0},"end":{"line":20,"column":null}}},"fnMap":{"0":{"name":"(anonymous_0)","decl":{"start":{"line":6,"column":2},"end":{"line":6,"column":8}},"loc":{"start":{"line":6,"column":70},"end":{"line":10,"column":3}}},"1":{"name":"(anonymous_1)","decl":{"start":{"line":12,"column":2},"end":{"line":12,"column":8}},"loc":{"start":{"line":12,"column":46},"end":{"line":17,"column":3}}}},"branchMap":{"0":{"loc":{"start":{"line":7,"column":4},"end":{"line":7,"column":null}},"type":"if","locations":[{"start":{"line":7,"column":4},"end":{"line":7,"column":null}}]},"1":{"loc":{"start":{"line":13,"column":4},"end":{"line":13,"column":null}},"type":"if","locations":[{"start":{"line":13,"column":4},"end":{"line":13,"column":null}}]},"2":{"loc":{"start":{"line":16,"column":11},"end":{"line":16,"column":52}},"type":"cond-expr","locations":[{"start":{"line":16,"column":31},"end":{"line":16,"column":45}},{"start":{"line":16,"column":48},"end":{"line":16,"column":52}}]}},"s":{"0":1,"1":1,"2":1,"3":0,"4":1,"5":1,"6":1,"7":0,"8":1,"9":1,"10":1,"11":1},"f":{"0":1,"1":1},"b":{"0":[0],"1":[0],"2":[1,0]}}
,"/home/narrador/Projetos/Pessoal/HandTalkChallenge/src/modules/threeD/components/CanvasWrapper.tsx": {"path":"/home/narrador/Projetos/Pessoal/HandTalkChallenge/src/modules/threeD/components/CanvasWrapper.tsx","statementMap":{"0":{"start":{"line":1,"column":0},"end":{"line":1,"column":40}},"1":{"start":{"line":2,"column":0},"end":{"line":2,"column":43}},"2":{"start":{"line":3,"column":0},"end":{"line":3,"column":76}},"3":{"start":{"line":4,"column":0},"end":{"line":4,"column":67}},"4":{"start":{"line":13,"column":52},"end":{"line":53,"column":1}},"5":{"start":{"line":19,"column":30},"end":{"line":19,"column":50}},"6":{"start":{"line":20,"column":2},"end":{"line":24,"column":null}},"7":{"start":{"line":21,"column":4},"end":{"line":23,"column":5}},"8":{"start":{"line":22,"column":6},"end":{"line":22,"column":null}},"9":{"start":{"line":26,"column":2},"end":{"line":52,"column":null}},"10":{"start":{"line":55,"column":0},"end":{"line":55,"column":null}}},"fnMap":{"0":{"name":"(anonymous_9)","decl":{"start":{"line":13,"column":52},"end":{"line":13,"column":53}},"loc":{"start":{"line":18,"column":5},"end":{"line":53,"column":1}}},"1":{"name":"(anonymous_10)","decl":{"start":{"line":20,"column":12},"end":{"line":20,"column":15}},"loc":{"start":{"line":20,"column":17},"end":{"line":24,"column":3}}}},"branchMap":{"0":{"loc":{"start":{"line":17,"column":2},"end":{"line":17,"column":27}},"type":"default-arg","locations":[{"start":{"line":17,"column":11},"end":{"line":17,"column":27}}]},"1":{"loc":{"start":{"line":21,"column":4},"end":{"line":23,"column":5}},"type":"if","locations":[{"start":{"line":21,"column":4},"end":{"line":23,"column":5}}]},"2":{"loc":{"start":{"line":31,"column":26},"end":{"line":31,"column":67}},"type":"binary-expr","locations":[{"start":{"line":31,"column":26},"end":{"line":31,"column":42}},{"start":{"line":31,"column":46},"end":{"line":31,"column":67}}]}},"s":{"0":1,"1":1,"2":1,"3":1,"4":1,"5":1,"6":1,"7":1,"8":1,"9":1,"10":1},"f":{"0":1,"1":1},"b":{"0":[1],"1":[1],"2":[1,0]}}
,"/home/narrador/Projetos/Pessoal/HandTalkChallenge/src/modules/threeD/components/3d/Cone.tsx": {"path":"/home/narrador/Projetos/Pessoal/HandTalkChallenge/src/modules/threeD/components/3d/Cone.tsx","statementMap":{"0":{"start":{"line":1,"column":0},"end":{"line":1,"column":48}},"1":{"start":{"line":2,"column":0},"end":{"line":2,"column":52}},"2":{"start":{"line":3,"column":0},"end":{"line":3,"column":48}},"3":{"start":{"line":4,"column":0},"end":{"line":4,"column":35}},"4":{"start":{"line":16,"column":34},"end":{"line":45,"column":1}},"5":{"start":{"line":25,"column":18},"end":{"line":25,"column":36}},"6":{"start":{"line":27,"column":2},"end":{"line":29,"column":null}},"7":{"start":{"line":28,"column":4},"end":{"line":28,"column":null}},"8":{"start":{"line":31,"column":2},"end":{"line":37,"column":null}},"9":{"start":{"line":32,"column":4},"end":{"line":36,"column":5}},"10":{"start":{"line":33,"column":6},"end":{"line":33,"column":null}},"11":{"start":{"line":34,"column":6},"end":{"line":34,"column":null}},"12":{"start":{"line":35,"column":6},"end":{"line":35,"column":null}},"13":{"start":{"line":39,"column":2},"end":{"line":44,"column":null}},"14":{"start":{"line":47,"column":0},"end":{"line":47,"column":null}}},"fnMap":{"0":{"name":"(anonymous_9)","decl":{"start":{"line":16,"column":34},"end":{"line":16,"column":35}},"loc":{"start":{"line":24,"column":5},"end":{"line":45,"column":1}}},"1":{"name":"(anonymous_10)","decl":{"start":{"line":27,"column":12},"end":{"line":27,"column":15}},"loc":{"start":{"line":27,"column":17},"end":{"line":29,"column":3}}},"2":{"name":"(anonymous_11)","decl":{"start":{"line":31,"column":11},"end":{"line":31,"column":12}},"loc":{"start":{"line":31,"column":28},"end":{"line":37,"column":3}}}},"branchMap":{"0":{"loc":{"start":{"line":17,"column":2},"end":{"line":17,"column":14}},"type":"default-arg","locations":[{"start":{"line":17,"column":11},"end":{"line":17,"column":14}}]},"1":{"loc":{"start":{"line":18,"column":2},"end":{"line":18,"column":12}},"type":"default-arg","locations":[{"start":{"line":18,"column":11},"end":{"line":18,"column":12}}]},"2":{"loc":{"start":{"line":19,"column":2},"end":{"line":19,"column":19}},"type":"default-arg","locations":[{"start":{"line":19,"column":10},"end":{"line":19,"column":19}}]},"3":{"loc":{"start":{"line":20,"column":2},"end":{"line":20,"column":22}},"type":"default-arg","locations":[{"start":{"line":20,"column":13},"end":{"line":20,"column":22}}]},"4":{"loc":{"start":{"line":21,"column":2},"end":{"line":21,"column":31}},"type":"default-arg","locations":[{"start":{"line":21,"column":13},"end":{"line":21,"column":31}}]},"5":{"loc":{"start":{"line":22,"column":2},"end":{"line":22,"column":30}},"type":"default-arg","locations":[{"start":{"line":22,"column":21},"end":{"line":22,"column":30}}]},"6":{"loc":{"start":{"line":23,"column":2},"end":{"line":23,"column":22}},"type":"default-arg","locations":[{"start":{"line":23,"column":11},"end":{"line":23,"column":22}}]},"7":{"loc":{"start":{"line":32,"column":4},"end":{"line":36,"column":5}},"type":"if","locations":[{"start":{"line":32,"column":4},"end":{"line":36,"column":5}}]}},"s":{"0":1,"1":1,"2":1,"3":1,"4":1,"5":2,"6":2,"7":2,"8":2,"9":0,"10":0,"11":0,"12":0,"13":2,"14":1},"f":{"0":2,"1":2,"2":0},"b":{"0":[2],"1":[2],"2":[2],"3":[2],"4":[2],"5":[1],"6":[2],"7":[0]}}
,"/home/narrador/Projetos/Pessoal/HandTalkChallenge/src/modules/threeD/components/3d/Cube.tsx": {"path":"/home/narrador/Projetos/Pessoal/HandTalkChallenge/src/modules/threeD/components/3d/Cube.tsx","statementMap":{"0":{"start":{"line":1,"column":0},"end":{"line":1,"column":48}},"1":{"start":{"line":2,"column":0},"end":{"line":2,"column":52}},"2":{"start":{"line":3,"column":0},"end":{"line":3,"column":48}},"3":{"start":{"line":4,"column":0},"end":{"line":4,"column":35}},"4":{"start":{"line":15,"column":34},"end":{"line":44,"column":1}},"5":{"start":{"line":23,"column":18},"end":{"line":23,"column":36}},"6":{"start":{"line":25,"column":2},"end":{"line":27,"column":null}},"7":{"start":{"line":26,"column":4},"end":{"line":26,"column":null}},"8":{"start":{"line":29,"column":2},"end":{"line":36,"column":null}},"9":{"start":{"line":30,"column":4},"end":{"line":35,"column":5}},"10":{"start":{"line":32,"column":6},"end":{"line":32,"column":null}},"11":{"start":{"line":33,"column":6},"end":{"line":33,"column":null}},"12":{"start":{"line":34,"column":6},"end":{"line":34,"column":null}},"13":{"start":{"line":38,"column":2},"end":{"line":43,"column":null}},"14":{"start":{"line":46,"column":0},"end":{"line":46,"column":null}}},"fnMap":{"0":{"name":"(anonymous_9)","decl":{"start":{"line":15,"column":34},"end":{"line":15,"column":35}},"loc":{"start":{"line":22,"column":5},"end":{"line":44,"column":1}}},"1":{"name":"(anonymous_10)","decl":{"start":{"line":25,"column":12},"end":{"line":25,"column":15}},"loc":{"start":{"line":25,"column":17},"end":{"line":27,"column":3}}},"2":{"name":"(anonymous_11)","decl":{"start":{"line":29,"column":11},"end":{"line":29,"column":12}},"loc":{"start":{"line":29,"column":28},"end":{"line":36,"column":3}}}},"branchMap":{"0":{"loc":{"start":{"line":16,"column":2},"end":{"line":16,"column":12}},"type":"default-arg","locations":[{"start":{"line":16,"column":9},"end":{"line":16,"column":12}}]},"1":{"loc":{"start":{"line":17,"column":2},"end":{"line":17,"column":19}},"type":"default-arg","locations":[{"start":{"line":17,"column":10},"end":{"line":17,"column":19}}]},"2":{"loc":{"start":{"line":18,"column":2},"end":{"line":18,"column":22}},"type":"default-arg","locations":[{"start":{"line":18,"column":13},"end":{"line":18,"column":22}}]},"3":{"loc":{"start":{"line":19,"column":2},"end":{"line":19,"column":22}},"type":"default-arg","locations":[{"start":{"line":19,"column":13},"end":{"line":19,"column":22}}]},"4":{"loc":{"start":{"line":20,"column":2},"end":{"line":20,"column":30}},"type":"default-arg","locations":[{"start":{"line":20,"column":21},"end":{"line":20,"column":30}}]},"5":{"loc":{"start":{"line":21,"column":2},"end":{"line":21,"column":22}},"type":"default-arg","locations":[{"start":{"line":21,"column":11},"end":{"line":21,"column":22}}]},"6":{"loc":{"start":{"line":30,"column":4},"end":{"line":35,"column":5}},"type":"if","locations":[{"start":{"line":30,"column":4},"end":{"line":35,"column":5}}]}},"s":{"0":1,"1":1,"2":1,"3":1,"4":1,"5":2,"6":2,"7":2,"8":2,"9":0,"10":0,"11":0,"12":0,"13":2,"14":1},"f":{"0":2,"1":2,"2":0},"b":{"0":[2],"1":[2],"2":[2],"3":[2],"4":[1],"5":[2],"6":[0]}}
,"/home/narrador/Projetos/Pessoal/HandTalkChallenge/src/modules/threeD/components/3d/Dodecahedron.tsx": {"path":"/home/narrador/Projetos/Pessoal/HandTalkChallenge/src/modules/threeD/components/3d/Dodecahedron.tsx","statementMap":{"0":{"start":{"line":1,"column":0},"end":{"line":1,"column":48}},"1":{"start":{"line":2,"column":0},"end":{"line":2,"column":52}},"2":{"start":{"line":3,"column":0},"end":{"line":3,"column":48}},"3":{"start":{"line":4,"column":0},"end":{"line":4,"column":35}},"4":{"start":{"line":15,"column":50},"end":{"line":43,"column":1}},"5":{"start":{"line":23,"column":18},"end":{"line":23,"column":36}},"6":{"start":{"line":25,"column":2},"end":{"line":27,"column":null}},"7":{"start":{"line":26,"column":4},"end":{"line":26,"column":null}},"8":{"start":{"line":29,"column":2},"end":{"line":35,"column":null}},"9":{"start":{"line":30,"column":4},"end":{"line":34,"column":5}},"10":{"start":{"line":31,"column":6},"end":{"line":31,"column":null}},"11":{"start":{"line":32,"column":6},"end":{"line":32,"column":null}},"12":{"start":{"line":33,"column":6},"end":{"line":33,"column":null}},"13":{"start":{"line":37,"column":2},"end":{"line":42,"column":null}},"14":{"start":{"line":45,"column":0},"end":{"line":45,"column":null}}},"fnMap":{"0":{"name":"(anonymous_9)","decl":{"start":{"line":15,"column":50},"end":{"line":15,"column":51}},"loc":{"start":{"line":22,"column":5},"end":{"line":43,"column":1}}},"1":{"name":"(anonymous_10)","decl":{"start":{"line":25,"column":12},"end":{"line":25,"column":15}},"loc":{"start":{"line":25,"column":17},"end":{"line":27,"column":3}}},"2":{"name":"(anonymous_11)","decl":{"start":{"line":29,"column":11},"end":{"line":29,"column":12}},"loc":{"start":{"line":29,"column":28},"end":{"line":35,"column":3}}}},"branchMap":{"0":{"loc":{"start":{"line":16,"column":2},"end":{"line":16,"column":12}},"type":"default-arg","locations":[{"start":{"line":16,"column":9},"end":{"line":16,"column":12}}]},"1":{"loc":{"start":{"line":17,"column":2},"end":{"line":17,"column":19}},"type":"default-arg","locations":[{"start":{"line":17,"column":10},"end":{"line":17,"column":19}}]},"2":{"loc":{"start":{"line":18,"column":2},"end":{"line":18,"column":22}},"type":"default-arg","locations":[{"start":{"line":18,"column":13},"end":{"line":18,"column":22}}]},"3":{"loc":{"start":{"line":19,"column":2},"end":{"line":19,"column":31}},"type":"default-arg","locations":[{"start":{"line":19,"column":13},"end":{"line":19,"column":31}}]},"4":{"loc":{"start":{"line":20,"column":2},"end":{"line":20,"column":36}},"type":"default-arg","locations":[{"start":{"line":20,"column":21},"end":{"line":20,"column":36}}]},"5":{"loc":{"start":{"line":21,"column":2},"end":{"line":21,"column":30}},"type":"default-arg","locations":[{"start":{"line":21,"column":11},"end":{"line":21,"column":30}}]},"6":{"loc":{"start":{"line":30,"column":4},"end":{"line":34,"column":5}},"type":"if","locations":[{"start":{"line":30,"column":4},"end":{"line":34,"column":5}}]}},"s":{"0":1,"1":1,"2":1,"3":1,"4":1,"5":2,"6":2,"7":2,"8":2,"9":0,"10":0,"11":0,"12":0,"13":2,"14":1},"f":{"0":2,"1":2,"2":0},"b":{"0":[2],"1":[2],"2":[2],"3":[2],"4":[1],"5":[2],"6":[0]}}
,"/home/narrador/Projetos/Pessoal/HandTalkChallenge/src/modules/threeD/components/3d/ThreeDShapes.tsx": {"path":"/home/narrador/Projetos/Pessoal/HandTalkChallenge/src/modules/threeD/components/3d/ThreeDShapes.tsx","statementMap":{"0":{"start":{"line":1,"column":0},"end":{"line":1,"column":25}},"1":{"start":{"line":2,"column":0},"end":{"line":2,"column":50}},"2":{"start":{"line":3,"column":0},"end":{"line":3,"column":70}},"3":{"start":{"line":5,"column":31},"end":{"line":27,"column":1}},"4":{"start":{"line":6,"column":43},"end":{"line":6,"column":63}},"5":{"start":{"line":8,"column":2},"end":{"line":26,"column":null}},"6":{"start":{"line":29,"column":0},"end":{"line":29,"column":null}}},"fnMap":{"0":{"name":"(anonymous_1)","decl":{"start":{"line":5,"column":31},"end":{"line":5,"column":34}},"loc":{"start":{"line":5,"column":36},"end":{"line":27,"column":1}}}},"branchMap":{"0":{"loc":{"start":{"line":10,"column":7},"end":{"line":11,"column":null}},"type":"binary-expr","locations":[{"start":{"line":10,"column":7},"end":{"line":10,"column":23}},{"start":{"line":11,"column":8},"end":{"line":11,"column":83}}]},"1":{"loc":{"start":{"line":13,"column":7},"end":{"line":14,"column":null}},"type":"binary-expr","locations":[{"start":{"line":13,"column":7},"end":{"line":13,"column":31}},{"start":{"line":14,"column":8},"end":{"line":14,"column":91}}]},"2":{"loc":{"start":{"line":16,"column":7},"end":{"line":23,"column":null}},"type":"binary-expr","locations":[{"start":{"line":16,"column":7},"end":{"line":16,"column":23}},{"start":{"line":17,"column":8},"end":{"line":22,"column":null}}]}},"s":{"0":1,"1":1,"2":1,"3":1,"4":4,"5":4,"6":1},"f":{"0":4},"b":{"0":[4,1],"1":[4,1],"2":[4,1]}}
,"/home/narrador/Projetos/Pessoal/HandTalkChallenge/src/modules/threeD/components/3d/index.tsx": {"path":"/home/narrador/Projetos/Pessoal/HandTalkChallenge/src/modules/threeD/components/3d/index.tsx","statementMap":{"0":{"start":{"line":1,"column":0},"end":{"line":1,"column":9}},"1":{"start":{"line":1,"column":9},"end":{"line":1,"column":24}},"2":{"start":{"line":2,"column":0},"end":{"line":2,"column":9}},"3":{"start":{"line":2,"column":9},"end":{"line":2,"column":24}},"4":{"start":{"line":3,"column":0},"end":{"line":3,"column":9}},"5":{"start":{"line":3,"column":9},"end":{"line":3,"column":32}},"6":{"start":{"line":4,"column":0},"end":{"line":4,"column":9}},"7":{"start":{"line":4,"column":9},"end":{"line":4,"column":32}}},"fnMap":{"0":{"name":"(anonymous_1)","decl":{"start":{"line":1,"column":9},"end":{"line":1,"column":16}},"loc":{"start":{"line":1,"column":9},"end":{"line":1,"column":24}}},"1":{"name":"(anonymous_2)","decl":{"start":{"line":2,"column":9},"end":{"line":2,"column":16}},"loc":{"start":{"line":2,"column":9},"end":{"line":2,"column":24}}},"2":{"name":"(anonymous_3)","decl":{"start":{"line":3,"column":9},"end":{"line":3,"column":16}},"loc":{"start":{"line":3,"column":9},"end":{"line":3,"column":32}}},"3":{"name":"(anonymous_4)","decl":{"start":{"line":4,"column":9},"end":{"line":4,"column":16}},"loc":{"start":{"line":4,"column":9},"end":{"line":4,"column":32}}}},"branchMap":{},"s":{"0":1,"1":2,"2":1,"3":2,"4":1,"5":2,"6":1,"7":1},"f":{"0":1,"1":1,"2":1,"3":0},"b":{}}
,"/home/narrador/Projetos/Pessoal/HandTalkChallenge/src/services/firebaseConfig.ts": {"path":"/home/narrador/Projetos/Pessoal/HandTalkChallenge/src/services/firebaseConfig.ts","statementMap":{"0":{"start":{"line":2,"column":0},"end":{"line":2,"column":44}},"1":{"start":{"line":3,"column":0},"end":{"line":3,"column":55}},"2":{"start":{"line":4,"column":0},"end":{"line":4,"column":47}},"3":{"start":{"line":6,"column":23},"end":{"line":14,"column":null}},"4":{"start":{"line":16,"column":12},"end":{"line":16,"column":41}},"5":{"start":{"line":17,"column":13},"end":{"line":17,"column":25}},"6":{"start":{"line":19,"column":9},"end":{"line":19,"column":13}},"7":{"start":{"line":20,"column":13},"end":{"line":20,"column":null}},"8":{"start":{"line":21,"column":0},"end":{"line":21,"column":null}}},"fnMap":{},"branchMap":{},"s":{"0":1,"1":1,"2":1,"3":1,"4":1,"5":1,"6":1,"7":1,"8":1},"f":{},"b":{}}
}
