TN:
SF:src/modules/authentication/services/AuthService.ts
FN:10,(anonymous_0)
FN:18,(anonymous_1)
FN:26,(anonymous_2)
FNF:3
FNH:3
FNDA:2,(anonymous_0)
FNDA:2,(anonymous_1)
FNDA:2,(anonymous_2)
DA:1,1
DA:7,1
DA:11,2
DA:12,2
DA:14,1
DA:19,2
DA:20,2
DA:22,1
DA:27,2
DA:28,2
DA:30,1
DA:35,1
LF:12
LH:12
BRDA:14,0,0,1
BRDA:14,0,1,0
BRDA:22,1,0,1
BRDA:22,1,1,0
BRDA:30,2,0,1
BRDA:30,2,1,0
BRF:6
BRH:3
end_of_record
TN:
SF:src/modules/authentication/services/UserSettingsService.ts
FN:6,(anonymous_0)
FN:12,(anonymous_1)
FNF:2
FNH:2
FNDA:1,(anonymous_0)
FNDA:1,(anonymous_1)
DA:1,1
DA:2,1
DA:7,1
DA:8,1
DA:9,1
DA:13,1
DA:14,1
DA:15,1
DA:16,1
DA:20,1
LF:10
LH:10
BRDA:7,0,0,0
BRDA:13,1,0,0
BRDA:16,2,0,1
BRDA:16,2,1,0
BRF:4
BRH:1
end_of_record
TN:
SF:src/modules/threeD/components/CanvasWrapper.tsx
FN:13,(anonymous_9)
FN:20,(anonymous_10)
FNF:2
FNH:2
FNDA:1,(anonymous_9)
FNDA:1,(anonymous_10)
DA:1,1
DA:2,1
DA:3,1
DA:4,1
DA:13,1
DA:19,1
DA:20,1
DA:21,1
DA:22,1
DA:26,1
DA:55,1
LF:11
LH:11
BRDA:17,0,0,1
BRDA:21,1,0,1
BRDA:31,2,0,1
BRDA:31,2,1,0
BRF:4
BRH:3
end_of_record
TN:
SF:src/modules/threeD/components/3d/Cone.tsx
FN:16,(anonymous_9)
FN:27,(anonymous_10)
FN:31,(anonymous_11)
FNF:3
FNH:2
FNDA:2,(anonymous_9)
FNDA:2,(anonymous_10)
FNDA:0,(anonymous_11)
DA:1,1
DA:2,1
DA:3,1
DA:4,1
DA:16,1
DA:25,2
DA:27,2
DA:28,2
DA:31,2
DA:32,0
DA:33,0
DA:34,0
DA:35,0
DA:39,2
DA:47,1
LF:15
LH:11
BRDA:17,0,0,2
BRDA:18,1,0,2
BRDA:19,2,0,2
BRDA:20,3,0,2
BRDA:21,4,0,2
BRDA:22,5,0,1
BRDA:23,6,0,2
BRDA:32,7,0,0
BRF:8
BRH:7
end_of_record
TN:
SF:src/modules/threeD/components/3d/Cube.tsx
FN:15,(anonymous_9)
FN:25,(anonymous_10)
FN:29,(anonymous_11)
FNF:3
FNH:2
FNDA:2,(anonymous_9)
FNDA:2,(anonymous_10)
FNDA:0,(anonymous_11)
DA:1,1
DA:2,1
DA:3,1
DA:4,1
DA:15,1
DA:23,2
DA:25,2
DA:26,2
DA:29,2
DA:30,0
DA:32,0
DA:33,0
DA:34,0
DA:38,2
DA:46,1
LF:15
LH:11
BRDA:16,0,0,2
BRDA:17,1,0,2
BRDA:18,2,0,2
BRDA:19,3,0,2
BRDA:20,4,0,1
BRDA:21,5,0,2
BRDA:30,6,0,0
BRF:7
BRH:6
end_of_record
TN:
SF:src/modules/threeD/components/3d/Dodecahedron.tsx
FN:15,(anonymous_9)
FN:25,(anonymous_10)
FN:29,(anonymous_11)
FNF:3
FNH:2
FNDA:2,(anonymous_9)
FNDA:2,(anonymous_10)
FNDA:0,(anonymous_11)
DA:1,1
DA:2,1
DA:3,1
DA:4,1
DA:15,1
DA:23,2
DA:25,2
DA:26,2
DA:29,2
DA:30,0
DA:31,0
DA:32,0
DA:33,0
DA:37,2
DA:45,1
LF:15
LH:11
BRDA:16,0,0,2
BRDA:17,1,0,2
BRDA:18,2,0,2
BRDA:19,3,0,2
BRDA:20,4,0,1
BRDA:21,5,0,2
BRDA:30,6,0,0
BRF:7
BRH:6
end_of_record
TN:
SF:src/modules/threeD/components/3d/ThreeDShapes.tsx
FN:5,(anonymous_1)
FNF:1
FNH:1
FNDA:4,(anonymous_1)
DA:1,1
DA:2,1
DA:3,1
DA:5,1
DA:6,4
DA:8,4
DA:29,1
LF:7
LH:7
BRDA:10,0,0,4
BRDA:10,0,1,1
BRDA:13,1,0,4
BRDA:13,1,1,1
BRDA:16,2,0,4
BRDA:16,2,1,1
BRF:6
BRH:6
end_of_record
TN:
SF:src/modules/threeD/components/3d/index.tsx
FN:1,(anonymous_1)
FN:2,(anonymous_2)
FN:3,(anonymous_3)
FN:4,(anonymous_4)
FNF:4
FNH:3
FNDA:1,(anonymous_1)
FNDA:1,(anonymous_2)
FNDA:1,(anonymous_3)
FNDA:0,(anonymous_4)
DA:1,2
DA:2,2
DA:3,2
DA:4,1
LF:4
LH:4
BRF:0
BRH:0
end_of_record
TN:
SF:src/services/firebaseConfig.ts
FNF:0
FNH:0
DA:2,1
DA:3,1
DA:4,1
DA:6,1
DA:16,1
DA:17,1
DA:19,1
DA:20,1
DA:21,1
LF:9
LH:9
BRF:0
BRH:0
end_of_record
